<?xml version="1.0" encoding="UTF-8"?>
<testsuite name="DigitosTest" tests="1" skipped="0" failures="0" errors="0" timestamp="2022-11-24T18:59:12" hostname="DESKTOP-0D79DUS" time="0.019">
  <properties/>
  <testcase name="mediaTest()" classname="DigitosTest" time="0.019"/>
  <system-out><![CDATA[]]></system-out>
  <system-err><![CDATA[]]></system-err>
</testsuite>
